TN:
SF:src/createFiles.js
FN:3,defaultDependencies
FN:21,executeWrites
FN:29,createFiles
FNF:3
FNH:3
FNDA:6,defaultDependencies
FNDA:3,executeWrites
FNDA:4,createFiles
DA:1,1
DA:2,1
DA:3,6
DA:4,6
DA:5,6
DA:6,6
DA:7,6
DA:8,6
DA:9,6
DA:10,6
DA:11,6
DA:12,6
DA:13,6
DA:14,6
DA:15,6
DA:16,6
DA:17,6
DA:18,6
DA:19,6
DA:20,6
DA:21,6
DA:22,3
DA:23,3
DA:24,3
DA:25,3
DA:26,6
DA:27,6
DA:28,1
DA:29,1
DA:30,4
DA:31,4
DA:32,4
DA:33,4
DA:34,4
DA:35,4
DA:36,4
DA:37,7
DA:38,7
DA:39,7
DA:40,7
DA:41,7
DA:42,7
DA:43,13
DA:44,13
DA:45,13
DA:46,7
DA:47,7
DA:48,7
DA:49,7
DA:50,7
DA:51,6
DA:52,6
DA:53,6
DA:54,6
DA:55,6
DA:56,6
DA:57,6
DA:58,6
DA:59,6
DA:60,6
DA:61,4
DA:62,1
DA:63,1
DA:64,1
DA:65,1
DA:66,1
DA:67,1
DA:68,1
LF:68
LH:68
BRDA:3,0,0,6
BRDA:21,1,0,3
BRDA:26,2,0,6
BRDA:29,3,0,4
BRDA:36,4,0,7
BRDA:49,5,0,1
BRDA:50,6,0,6
BRDA:61,7,0,3
BRDA:43,8,0,13
BRF:9
BRH:9
end_of_record
TN:
SF:src/createLayers.js
FN:1,createLayersIfNotExists
FNF:1
FNH:1
FNDA:2,createLayersIfNotExists
DA:1,2
DA:2,2
DA:3,2
DA:4,2
DA:5,2
DA:6,2
DA:7,3
DA:8,1
DA:9,1
DA:10,1
DA:11,1
DA:12,1
LF:12
LH:12
BRDA:1,0,0,2
BRDA:5,1,0,6
BRDA:6,2,0,3
BRF:3
BRH:3
end_of_record
TN:
SF:src/util.js
FN:1,#transform
FN:8,upperCaseFirstLetter
FN:14,lowerCaseFirstLetter
FNF:3
FNH:3
FNDA:17,#transform
FNDA:5,upperCaseFirstLetter
FNDA:12,lowerCaseFirstLetter
DA:1,17
DA:2,17
DA:3,17
DA:4,17
DA:5,17
DA:6,17
DA:7,17
DA:8,1
DA:9,5
DA:10,5
DA:11,5
DA:12,5
DA:13,1
DA:14,1
DA:15,12
DA:16,12
DA:17,1
DA:18,1
DA:19,1
DA:20,1
DA:21,1
LF:21
LH:21
BRDA:1,0,0,17
BRDA:4,1,0,15
BRDA:4,2,0,5
BRDA:4,3,0,12
BRDA:4,4,0,4
BRDA:4,5,0,8
BRDA:8,6,0,5
BRDA:14,7,0,12
BRF:8
BRH:8
end_of_record
TN:
SF:src/templates/factoryTemplate.js
FN:18,factoryTemplate
FNF:1
FNH:1
FNDA:1,factoryTemplate
DA:1,1
DA:2,1
DA:3,1
DA:4,1
DA:5,1
DA:6,1
DA:7,1
DA:8,1
DA:9,1
DA:10,1
DA:11,1
DA:12,1
DA:13,1
DA:14,1
DA:15,1
DA:16,1
DA:17,1
DA:18,1
DA:19,1
DA:20,1
DA:21,1
DA:22,1
DA:23,1
DA:24,1
DA:25,1
DA:26,1
DA:27,1
DA:28,1
DA:29,1
DA:30,1
DA:31,1
DA:32,1
DA:33,1
DA:34,1
DA:35,1
DA:36,1
DA:37,1
DA:38,1
DA:39,1
LF:39
LH:39
BRDA:18,0,0,1
BRF:1
BRH:1
end_of_record
TN:
SF:src/templates/index.js
FNF:0
FNH:0
DA:1,1
DA:2,1
DA:3,1
DA:4,1
DA:5,1
DA:6,1
DA:7,1
DA:8,1
DA:9,1
DA:10,1
LF:10
LH:10
BRF:0
BRH:0
end_of_record
TN:
SF:src/templates/repositoryTemplate.js
FN:21,repositoryTemplate
FNF:1
FNH:1
FNDA:2,repositoryTemplate
DA:1,1
DA:2,1
DA:3,1
DA:4,1
DA:5,1
DA:6,1
DA:7,1
DA:8,1
DA:9,1
DA:10,1
DA:11,1
DA:12,1
DA:13,1
DA:14,1
DA:15,1
DA:16,1
DA:17,1
DA:18,1
DA:19,1
DA:20,1
DA:21,2
DA:22,2
DA:23,2
DA:24,2
DA:25,2
DA:26,2
DA:27,2
DA:28,2
DA:29,1
DA:30,1
DA:31,1
LF:31
LH:31
BRDA:21,0,0,2
BRF:1
BRH:1
end_of_record
TN:
SF:src/templates/serviceTemplate.js
FN:20,serviceTemplate
FNF:1
FNH:1
FNDA:1,serviceTemplate
DA:1,1
DA:2,1
DA:3,1
DA:4,1
DA:5,1
DA:6,1
DA:7,1
DA:8,1
DA:9,1
DA:10,1
DA:11,1
DA:12,1
DA:13,1
DA:14,1
DA:15,1
DA:16,1
DA:17,1
DA:18,1
DA:19,1
DA:20,1
DA:21,1
DA:22,1
DA:23,1
DA:24,1
DA:25,1
DA:26,1
DA:27,1
DA:28,1
DA:29,1
DA:30,1
DA:31,1
DA:32,1
DA:33,1
DA:34,1
DA:35,1
DA:36,1
DA:37,1
DA:38,1
DA:39,1
LF:39
LH:39
BRDA:20,0,0,1
BRF:1
BRH:1
end_of_record
